<?xml version="1.0" encoding="UTF-8"?>
<!-- Generated by org.testng.reporters.JUnitReportReporter -->
<testsuite skipped="0" hostname="DESKTOP-JSNFMS1" name="test.OpenLinkTest" tests="1" failures="0" timestamp="02 Apr 2022 20:26:23 GMT" time="4.255" errors="0">
  <testcase name="openLinkMethod" time="4.255" classname="test.OpenLinkTest"/>
</testsuite> <!-- test.OpenLinkTest -->
