<?xml version="1.0" encoding="UTF-8"?>
<!-- Generated by org.testng.reporters.JUnitReportReporter -->
<testsuite skipped="0" hostname="DESKTOP-JSNFMS1" name="test.DashBoardPageTest" tests="1" failures="0" timestamp="02 Apr 2022 23:33:59 GMT" time="5.418" errors="0">
  <testcase name="validUserShouldBeAbleToCreateCustomer" time="5.418" classname="test.DashBoardPageTest"/>
</testsuite> <!-- test.DashBoardPageTest -->
